<?xml version="1.0" encoding="UTF-8"?>
<testng-results ignored="0" total="2" passed="2" failed="0" skipped="0">
  <reporter-output>
  </reporter-output>
  <suite started-at="2024-09-29T14:11:31 EEST" name="Suite1" finished-at="2024-09-29T14:11:53 EEST" duration-ms="21571">
    <groups>
      <group name="Master">
        <method signature="TC001_LoginSuccseefully.LoginSuccess()[pri:0, instance:testcass.TC001_LoginSuccseefully@5e316c74]" name="LoginSuccess" class="testcass.TC001_LoginSuccseefully"/>
        <method signature="TC002_LoginUNSuccsessfully.VerifyLoginSuccess()[pri:0, instance:testcass.TC002_LoginUNSuccsessfully@1e802ef9]" name="VerifyLoginSuccess" class="testcass.TC002_LoginUNSuccsessfully"/>
      </group> <!-- Master -->
      <group name="Regression">
        <method signature="TC002_LoginUNSuccsessfully.VerifyLoginSuccess()[pri:0, instance:testcass.TC002_LoginUNSuccsessfully@1e802ef9]" name="VerifyLoginSuccess" class="testcass.TC002_LoginUNSuccsessfully"/>
      </group> <!-- Regression -->
      <group name="sanity">
        <method signature="TC001_LoginSuccseefully.LoginSuccess()[pri:0, instance:testcass.TC001_LoginSuccseefully@5e316c74]" name="LoginSuccess" class="testcass.TC001_LoginSuccseefully"/>
      </group> <!-- sanity -->
    </groups>
    <test started-at="2024-09-29T14:11:31 EEST" name="Test2" finished-at="2024-09-29T14:11:53 EEST" duration-ms="21571">
      <class name="testcass.TC002_LoginUNSuccsessfully">
        <test-method is-config="true" signature="Setup(java.lang.String,java.lang.String)[pri:0, instance:testcass.TC002_LoginUNSuccsessfully@1e802ef9]" started-at="2024-09-29T14:11:47 EEST" name="Setup" finished-at="2024-09-29T14:11:52 EEST" duration-ms="5146" status="PASS">
          <params>
            <param index="0">
              <value>
                <![CDATA[Windows]]>
              </value>
            </param>
            <param index="1">
              <value>
                <![CDATA[Chrome]]>
              </value>
            </param>
          </params>
          <reporter-output>
          </reporter-output>
        </test-method> <!-- Setup -->
        <test-method signature="VerifyLoginSuccess()[pri:0, instance:testcass.TC002_LoginUNSuccsessfully@1e802ef9]" started-at="2024-09-29T14:11:52 EEST" name="VerifyLoginSuccess" finished-at="2024-09-29T14:11:53 EEST" duration-ms="366" status="PASS">
          <reporter-output>
          </reporter-output>
        </test-method> <!-- VerifyLoginSuccess -->
        <test-method is-config="true" signature="teardown()[pri:0, instance:testcass.TC002_LoginUNSuccsessfully@1e802ef9]" started-at="2024-09-29T14:11:53 EEST" name="teardown" finished-at="2024-09-29T14:11:53 EEST" duration-ms="288" status="PASS">
          <reporter-output>
          </reporter-output>
        </test-method> <!-- teardown -->
      </class> <!-- testcass.TC002_LoginUNSuccsessfully -->
      <class name="testcass.TC001_LoginSuccseefully">
        <test-method is-config="true" signature="Setup(java.lang.String,java.lang.String)[pri:0, instance:testcass.TC001_LoginSuccseefully@5e316c74]" started-at="2024-09-29T14:11:32 EEST" name="Setup" finished-at="2024-09-29T14:11:45 EEST" duration-ms="13342" status="PASS">
          <params>
            <param index="0">
              <value>
                <![CDATA[Windows]]>
              </value>
            </param>
            <param index="1">
              <value>
                <![CDATA[Chrome]]>
              </value>
            </param>
          </params>
          <reporter-output>
          </reporter-output>
        </test-method> <!-- Setup -->
        <test-method signature="LoginSuccess()[pri:0, instance:testcass.TC001_LoginSuccseefully@5e316c74]" started-at="2024-09-29T14:11:45 EEST" name="LoginSuccess" finished-at="2024-09-29T14:11:47 EEST" duration-ms="1587" status="PASS">
          <reporter-output>
          </reporter-output>
        </test-method> <!-- LoginSuccess -->
        <test-method is-config="true" signature="teardown()[pri:0, instance:testcass.TC001_LoginSuccseefully@5e316c74]" started-at="2024-09-29T14:11:47 EEST" name="teardown" finished-at="2024-09-29T14:11:47 EEST" duration-ms="312" status="PASS">
          <reporter-output>
          </reporter-output>
        </test-method> <!-- teardown -->
      </class> <!-- testcass.TC001_LoginSuccseefully -->
    </test> <!-- Test2 -->
  </suite> <!-- Suite1 -->
</testng-results>
